[0614/123319.830:ERROR:directory_reader_win.cc(43)] FindFirstFile: El sistema no puede encontrar la ruta especificada. (0x3)
[0614/123549.963:ERROR:directory_reader_win.cc(43)] FindFirstFile: El sistema no puede encontrar la ruta especificada. (0x3)
[0614/194136.414:ERROR:directory_reader_win.cc(43)] FindFirstFile: El sistema no puede encontrar la ruta especificada. (0x3)
[0614/211036.817:ERROR:scoped_process_suspend.cc(40)] NtResumeProcess: Se intentó obtener acceso a un proceso que está cerrándose. (0xc000010a)
[0614/211036.819:ERROR:file_io_win.cc(162)] CreateFile C:\Users\oguzman\AppData\Local\Temp\scoped_dir12540_2075160229\Crashpad\settings.dat: El sistema no puede encontrar el archivo especificado. (0x2)
[0614/211322.277:ERROR:process_reader_win.cc(188)] ResumeThread: El parámetro no es correcto. (0x57)
[0614/211322.285:ERROR:process_reader_win.cc(151)] SuspendThread: Acceso denegado. (0x5)
[0614/211322.286:ERROR:process_reader_win.cc(151)] SuspendThread: Acceso denegado. (0x5)
[0614/211322.287:ERROR:process_reader_win.cc(151)] SuspendThread: Acceso denegado. (0x5)
[0614/211322.423:ERROR:file_io_win.cc(162)] CreateFile C:\Users\oguzman\AppData\Local\Temp\scoped_dir38200_821395851\Crashpad\settings.dat: El sistema no puede encontrar el archivo especificado. (0x2)
[0614/211322.422:ERROR:scoped_process_suspend.cc(40)] NtResumeProcess: Se intentó obtener acceso a un proceso que está cerrándose. (0xc000010a)
[0614/213124.479:ERROR:directory_reader_win.cc(43)] FindFirstFile: El sistema no puede encontrar la ruta especificada. (0x3)
[0614/215043.887:ERROR:directory_reader_win.cc(43)] FindFirstFile: El sistema no puede encontrar la ruta especificada. (0x3)
[1115/163001.445:ERROR:filesystem_win.cc(129)] GetFileAttributes C:\Users\oguzman\AppData\Local\Temp\scoped_dir14884_1237774617\Crashpad\attachments\be2eb844-74aa-4d18-8a8c-dea96cc3106f: El sistema no puede encontrar la ruta especificada. (0x3)
[1115/170638.713:ERROR:directory_reader_win.cc(43)] FindFirstFile: El sistema no puede encontrar la ruta especificada. (0x3)
[1115/174704.137:ERROR:directory_reader_win.cc(43)] FindFirstFile: El sistema no puede encontrar la ruta especificada. (0x3)
[1115/183234.765:ERROR:directory_reader_win.cc(43)] FindFirstFile: El sistema no puede encontrar la ruta especificada. (0x3)
[1115/184946.733:ERROR:directory_reader_win.cc(43)] FindFirstFile: El sistema no puede encontrar la ruta especificada. (0x3)
[1115/200303.845:ERROR:directory_reader_win.cc(43)] FindFirstFile: El sistema no puede encontrar la ruta especificada. (0x3)
[1115/233643.838:ERROR:directory_reader_win.cc(43)] FindFirstFile: El sistema no puede encontrar la ruta especificada. (0x3)
[1116/001405.494:ERROR:directory_reader_win.cc(43)] FindFirstFile: El sistema no puede encontrar la ruta especificada. (0x3)
[1116/073018.725:ERROR:directory_reader_win.cc(43)] FindFirstFile: El sistema no puede encontrar la ruta especificada. (0x3)
[1116/082142.568:ERROR:directory_reader_win.cc(43)] FindFirstFile: El sistema no puede encontrar la ruta especificada. (0x3)
[1116/084330.647:ERROR:directory_reader_win.cc(43)] FindFirstFile: El sistema no puede encontrar la ruta especificada. (0x3)
